Exception at PC 0x000007FEACBBBB93
Printing stacktrace...

[0]  [0x000007FEACBBBB93]
[1]  [0x000007FEACBBBB93]
[2]  [0x000007FEACBBB4A1]
[3]  [0x000007FEACBBB3EF]
[4]  [0x000007FEACBA19FE]
[5]  [0x000007FEACBA0ED1]
[6]  [0x000007FEACBA0D76]
[7]  [0x000007FEACB479F6]
[8]  [0x000007FEACB37AFB]
[9]  [0x000007FEACC5E90A]
[10]  [0x000007FEACC79F87]
[11]  [0x000007FEACC7A05F]
[12] (BaseThreadInitThunk+0xd) [0x0000000076C959CD]
[13] (RtlUserThreadStart+0x21) [0x0000000076DCA561]
Done
Exception at PC 0x000007FEAC8C1A52
Attemped to write at address 0x000007FEE709ABA4
Printing stacktrace...

[0]  [0x000007FEAC8C1A52]
[1]  [0x000007FEAC8C1A52]
[2]  [0x000007FEAC8C1AD4]
[3]  [0x000007FEACA03FF7]
[4]  [0x000007FEAC8E9128]
[5]  [0x000007FEACB9DFB9]
[6]  [0x000007FEACD6EF23]
[7]  [0x000007FEACC7B06B]
[8]  [0x000007FEACC708AF]
[9]  [0x000007FEACC70A32]
[10] (LdrShutdownProcess+0x1d1) [0x0000000076DC2AC1]
[11] (RtlExitUserProcess+0x90) [0x0000000076DC28D0]
[12] (wcstoui64+0x2fa) [0x000007FEFE9199E2]
[13]  [0x00000000004014CD]
[14]  [0x000000000040151B]
[15] (BaseThreadInitThunk+0xd) [0x0000000076C959CD]
[16] (RtlUserThreadStart+0x21) [0x0000000076DCA561]
Done
